<?xml version="1.0" encoding="UTF-8"?>
<!-- Generated by org.testng.reporters.JUnitXMLReporter -->
<testsuite hostname="LAPTOP-2UATULQH" ignored="0" name="Default test" tests="3" failures="0" timestamp="02 Nov 2019 03:28:54 GMT" time="52.818" errors="0">
  <testcase name="loginTest" time="5.028" classname="myDataProvider.MyLoginTest"/>
  <testcase name="loginTest" time="3.89" classname="myDataProvider.MyLoginTest"/>
  <testcase name="loginTest" time="3.876" classname="myDataProvider.MyLoginTest"/>
</testsuite> <!-- Default test -->
