<?xml version="1.0" encoding="UTF-8"?>
<!-- Generated by org.testng.reporters.JUnitXMLReporter -->
<testsuite hostname="LAPTOP-2UATULQH" ignored="2" name="IT Career Suite Tests" tests="5" failures="0" timestamp="07 Nov 2019 17:38:56 GMT" time="104.128" errors="0">
  <testcase name="runSmoke" time="0.016" classname="testNG_Grouping.SmokeTest"/>
  <testcase name="dropdownBox" time="11.324" classname="testNG_Grouping.ShopTest"/>
  <testcase name="dropdownBox" time="11.591" classname="testNG_Grouping.ShopTest"/>
  <testcase name="dropdownBox" time="12.152" classname="testNG_Grouping.ShopTest"/>
  <testcase name="dropdownBox" time="11.966" classname="testNG_Grouping.ShopTest"/>
  <testcase name="loginTest" time="0.0" classname="testNG_Grouping.LoginTest">
    <ignored/>
  </testcase> <!-- loginTest -->
  <testcase name="runSanity" time="0.0" classname="testNG_Grouping.SanityTest">
    <ignored/>
  </testcase> <!-- runSanity -->
</testsuite> <!-- IT Career Suite Tests -->
