<?xml version="1.0" encoding="UTF-8"?>
<testng-results skipped="0" failed="0" ignored="0" total="3" passed="3">
  <reporter-output>
  </reporter-output>
  <suite name="Default suite" duration-ms="52818" started-at="2019-11-02T03:28:01Z" finished-at="2019-11-02T03:28:54Z">
    <groups>
    </groups>
    <test name="Default test" duration-ms="52818" started-at="2019-11-02T03:28:01Z" finished-at="2019-11-02T03:28:54Z">
      <class name="myDataProvider.MyLoginTest">
        <test-method status="PASS" signature="setupMethod()[pri:0, instance:myDataProvider.MyLoginTest@735b5592]" name="setupMethod" is-config="true" duration-ms="11472" started-at="2019-11-02T03:28:01Z" finished-at="2019-11-02T03:28:13Z">
          <reporter-output>
          </reporter-output>
        </test-method> <!-- setupMethod -->
        <test-method status="PASS" signature="loginTest(java.lang.String, java.lang.String)[pri:0, instance:myDataProvider.MyLoginTest@735b5592]" name="loginTest" duration-ms="5028" started-at="2019-11-02T03:28:13Z" data-provider="myLogin" finished-at="2019-11-02T03:28:18Z">
          <params>
            <param index="0">
              <value>
                <![CDATA[testuser1]]>
              </value>
            </param>
            <param index="1">
              <value>
                <![CDATA[SeleniumTestAccount1]]>
              </value>
            </param>
          </params>
          <reporter-output>
          </reporter-output>
        </test-method> <!-- loginTest -->
        <test-method status="PASS" signature="tearDown()[pri:0, instance:myDataProvider.MyLoginTest@735b5592]" name="tearDown" is-config="true" duration-ms="4033" started-at="2019-11-02T03:28:18Z" finished-at="2019-11-02T03:28:22Z">
          <reporter-output>
          </reporter-output>
        </test-method> <!-- tearDown -->
        <test-method status="PASS" signature="setupMethod()[pri:0, instance:myDataProvider.MyLoginTest@735b5592]" name="setupMethod" is-config="true" duration-ms="8602" started-at="2019-11-02T03:28:22Z" finished-at="2019-11-02T03:28:30Z">
          <reporter-output>
          </reporter-output>
        </test-method> <!-- setupMethod -->
        <test-method status="PASS" signature="loginTest(java.lang.String, java.lang.String)[pri:0, instance:myDataProvider.MyLoginTest@735b5592]" name="loginTest" duration-ms="3890" started-at="2019-11-02T03:28:30Z" data-provider="myLogin" finished-at="2019-11-02T03:28:34Z">
          <params>
            <param index="0">
              <value>
                <![CDATA[testuser2]]>
              </value>
            </param>
            <param index="1">
              <value>
                <![CDATA[SeleniumTestAccount1]]>
              </value>
            </param>
          </params>
          <reporter-output>
          </reporter-output>
        </test-method> <!-- loginTest -->
        <test-method status="PASS" signature="tearDown()[pri:0, instance:myDataProvider.MyLoginTest@735b5592]" name="tearDown" is-config="true" duration-ms="4054" started-at="2019-11-02T03:28:34Z" finished-at="2019-11-02T03:28:38Z">
          <reporter-output>
          </reporter-output>
        </test-method> <!-- tearDown -->
        <test-method status="PASS" signature="setupMethod()[pri:0, instance:myDataProvider.MyLoginTest@735b5592]" name="setupMethod" is-config="true" duration-ms="7395" started-at="2019-11-02T03:28:38Z" finished-at="2019-11-02T03:28:46Z">
          <reporter-output>
          </reporter-output>
        </test-method> <!-- setupMethod -->
        <test-method status="PASS" signature="loginTest(java.lang.String, java.lang.String)[pri:0, instance:myDataProvider.MyLoginTest@735b5592]" name="loginTest" duration-ms="3876" started-at="2019-11-02T03:28:46Z" data-provider="myLogin" finished-at="2019-11-02T03:28:50Z">
          <params>
            <param index="0">
              <value>
                <![CDATA[testuser3]]>
              </value>
            </param>
            <param index="1">
              <value>
                <![CDATA[SeleniumTestAccount1]]>
              </value>
            </param>
          </params>
          <reporter-output>
          </reporter-output>
        </test-method> <!-- loginTest -->
        <test-method status="PASS" signature="tearDown()[pri:0, instance:myDataProvider.MyLoginTest@735b5592]" name="tearDown" is-config="true" duration-ms="4394" started-at="2019-11-02T03:28:50Z" finished-at="2019-11-02T03:28:54Z">
          <reporter-output>
          </reporter-output>
        </test-method> <!-- tearDown -->
      </class> <!-- myDataProvider.MyLoginTest -->
    </test> <!-- Default test -->
  </suite> <!-- Default suite -->
</testng-results>
