<?xml version="1.0" encoding="UTF-8"?>
<!-- Generated by org.testng.reporters.JUnitXMLReporter -->
<testsuite hostname="LAPTOP-2UATULQH" ignored="3" name="Cars Grouping Testing" tests="7" failures="0" timestamp="13 Nov 2019 00:17:02 GMT" time="0.19" errors="0">
  <testcase name="benz" time="0.018" classname="HomeworkGrouping.Benz"/>
  <testcase name="nissan" time="0.004" classname="HomeworkGrouping.Nissan"/>
  <testcase name="bmw" time="0.002" classname="HomeworkGrouping.Bmw"/>
  <testcase name="toyoto" time="0.002" classname="HomeworkGrouping.Toyoto"/>
  <testcase name="buick" time="0.001" classname="HomeworkGrouping.Buick"/>
  <testcase name="fiat" time="0.004" classname="HomeworkGrouping.Fiat"/>
  <testcase name="honda" time="0.004" classname="HomeworkGrouping.Honda"/>
  <testcase name="infinity" time="0.0" classname="HomeworkGrouping.Infinity">
    <ignored/>
  </testcase> <!-- infinity -->
  <testcase name="mazda" time="0.0" classname="HomeworkGrouping.Mazda">
    <ignored/>
  </testcase> <!-- mazda -->
  <testcase name="lexus" time="0.0" classname="HomeworkGrouping.Lexus">
    <ignored/>
  </testcase> <!-- lexus -->
</testsuite> <!-- Cars Grouping Testing -->
