<?xml version="1.0" encoding="UTF-8"?>
<!-- Generated by org.testng.reporters.JUnitXMLReporter -->
<testsuite hostname="LAPTOP-2UATULQH" ignored="2" name="IT Career Suite" tests="2" failures="0" timestamp="13 Nov 2019 01:03:54 GMT" time="0.171" errors="0">
  <testcase name="runSmoke" time="0.03" classname="homeWork.Deneme3"/>
  <testcase name="orhan" time="0.009" classname="homeWork.Deneme4"/>
  <testcase name="runSmoke" time="0.0" classname="homeWork.Deneme1">
    <ignored/>
  </testcase> <!-- runSmoke -->
  <testcase name="runSmoke" time="0.0" classname="homeWork.Deneme2">
    <ignored/>
  </testcase> <!-- runSmoke -->
</testsuite> <!-- IT Career Suite -->
