<?xml version="1.0" encoding="UTF-8"?>
<!-- Generated by org.testng.reporters.JUnitXMLReporter -->
<testsuite hostname="LAPTOP-2UATULQH" ignored="0" name="IT Career Suite Tests" tests="9" failures="0" timestamp="08 Nov 2019 01:44:23 GMT" time="224.491" errors="0">
  <testcase name="runSmoke" time="0.052" classname="testNG_Grouping.SmokeTest"/>
  <testcase name="runSanity" time="0.006" classname="testNG_Grouping.SanityTest"/>
  <testcase name="loginTest" time="14.82" classname="testNG_Grouping.LoginTest"/>
  <testcase name="loginTest" time="14.931" classname="testNG_Grouping.LoginTest"/>
  <testcase name="loginTest" time="14.664" classname="testNG_Grouping.LoginTest"/>
  <testcase name="dropdownBox" time="13.99" classname="testNG_Grouping.ShopTest"/>
  <testcase name="dropdownBox" time="14.293" classname="testNG_Grouping.ShopTest"/>
  <testcase name="dropdownBox" time="13.693" classname="testNG_Grouping.ShopTest"/>
  <testcase name="dropdownBox" time="13.335" classname="testNG_Grouping.ShopTest"/>
</testsuite> <!-- IT Career Suite Tests -->
